[debug] [2024-08-24T23:25:19.494Z] ----------------------------------------------------------------------
[debug] [2024-08-24T23:25:19.503Z] Command:       C:\Program Files\nodejs\node.exe C:\Users\kodi\AppData\Roaming\npm\node_modules\firebase-tools\lib\bin\firebase.js projects:list --json
[debug] [2024-08-24T23:25:19.504Z] CLI Version:   13.15.4
[debug] [2024-08-24T23:25:19.505Z] Platform:      win32
[debug] [2024-08-24T23:25:19.507Z] Node Version:  v20.17.0
[debug] [2024-08-24T23:25:19.508Z] Time:          Sat Aug 24 2024 18:25:19 GMT-0500 (hora estándar de Colombia)
[debug] [2024-08-24T23:25:19.508Z] ----------------------------------------------------------------------
[debug] 
[debug] [2024-08-24T23:25:20.252Z] Object "" in "firebase.json" has unknown property: {"additionalProperty":"flutter"}
[debug] [2024-08-24T23:25:20.265Z] > command requires scopes: ["email","openid","https://www.googleapis.com/auth/cloudplatformprojects.readonly","https://www.googleapis.com/auth/firebase","https://www.googleapis.com/auth/cloud-platform"]
[debug] [2024-08-24T23:25:20.267Z] > authorizing via signed-in user (edgartorresgomez@gmail.com)
[debug] [2024-08-24T23:25:20.291Z] >>> [apiv2][query] GET https://firebase.googleapis.com/v1beta1/projects pageSize=1000
[debug] [2024-08-24T23:25:20.776Z] Error: EPIPE: broken pipe, write
    at Socket._write (node:internal/net:61:18)
    at writeOrBuffer (node:internal/streams/writable:570:12)
    at _write (node:internal/streams/writable:499:10)
    at Writable.write (node:internal/streams/writable:508:10)
    at Ora.start (C:\Users\kodi\AppData\Roaming\npm\node_modules\firebase-tools\node_modules\ora\index.js:304:17)
    at Command.actionFn (C:\Users\kodi\AppData\Roaming\npm\node_modules\firebase-tools\lib\commands\projects-list.js:48:73)
    at C:\Users\kodi\AppData\Roaming\npm\node_modules\firebase-tools\lib\command.js:228:25
    at process.processTicksAndRejections (node:internal/process/task_queues:95:5)
[error] 
[error] Error: An unexpected error has occurred.
